<?xml version="1.0" encoding="UTF-8"?>
<testsuite xmlns:xsi="http://www.w3.org/2001/XMLSchema-instance" xsi:noNamespaceSchemaLocation="https://maven.apache.org/surefire/maven-surefire-plugin/xsd/surefire-test-report.xsd" name="com.camunda.AppTest" time="0.054" tests="1" errors="0" skipped="0" failures="0">
  <properties>
    <property name="java.specification.version" value="17"/>
    <property name="sun.cpu.isalist" value="amd64"/>
    <property name="sun.jnu.encoding" value="Cp1252"/>
    <property name="java.class.path" value="C:\Users\LEELYNNCHOONG\Documents\Github2\UP-BE-API-JAVA\target\test-classes;C:\Users\LEELYNNCHOONG\Documents\Github2\UP-BE-API-JAVA\target\classes;C:\Users\LEELYNNCHOONG\.m2\repository\junit\junit\4.11\junit-4.11.jar;C:\Users\LEELYNNCHOONG\.m2\repository\org\hamcrest\hamcrest-core\1.3\hamcrest-core-1.3.jar;C:\Users\LEELYNNCHOONG\.m2\repository\org\camunda\bpm\camunda-engine\7.17.0\camunda-engine-7.17.0.jar;C:\Users\LEELYNNCHOONG\.m2\repository\org\camunda\bpm\model\camunda-bpmn-model\7.17.0\camunda-bpmn-model-7.17.0.jar;C:\Users\LEELYNNCHOONG\.m2\repository\org\camunda\bpm\model\camunda-xml-model\7.17.0\camunda-xml-model-7.17.0.jar;C:\Users\LEELYNNCHOONG\.m2\repository\org\camunda\bpm\model\camunda-cmmn-model\7.17.0\camunda-cmmn-model-7.17.0.jar;C:\Users\LEELYNNCHOONG\.m2\repository\org\camunda\bpm\dmn\camunda-engine-dmn\7.17.0\camunda-engine-dmn-7.17.0.jar;C:\Users\LEELYNNCHOONG\.m2\repository\org\camunda\commons\camunda-commons-utils\1.10.0\camunda-commons-utils-1.10.0.jar;C:\Users\LEELYNNCHOONG\.m2\repository\org\camunda\bpm\model\camunda-dmn-model\7.17.0\camunda-dmn-model-7.17.0.jar;C:\Users\LEELYNNCHOONG\.m2\repository\org\camunda\bpm\dmn\camunda-engine-feel-api\7.17.0\camunda-engine-feel-api-7.17.0.jar;C:\Users\LEELYNNCHOONG\.m2\repository\org\camunda\bpm\dmn\camunda-engine-feel-juel\7.17.0\camunda-engine-feel-juel-7.17.0.jar;C:\Users\LEELYNNCHOONG\.m2\repository\org\camunda\bpm\dmn\camunda-engine-feel-scala\7.17.0\camunda-engine-feel-scala-7.17.0.jar;C:\Users\LEELYNNCHOONG\.m2\repository\org\camunda\feel\feel-engine\1.13.3\feel-engine-1.13.3-scala-shaded.jar;C:\Users\LEELYNNCHOONG\.m2\repository\org\camunda\commons\camunda-commons-logging\1.10.0\camunda-commons-logging-1.10.0.jar;C:\Users\LEELYNNCHOONG\.m2\repository\org\camunda\commons\camunda-commons-typed-values\7.17.0\camunda-commons-typed-values-7.17.0.jar;C:\Users\LEELYNNCHOONG\.m2\repository\org\mybatis\mybatis\3.5.6\mybatis-3.5.6.jar;C:\Users\LEELYNNCHOONG\.m2\repository\org\springframework\spring-beans\5.2.19.RELEASE\spring-beans-5.2.19.RELEASE.jar;C:\Users\LEELYNNCHOONG\.m2\repository\org\springframework\spring-core\5.2.19.RELEASE\spring-core-5.2.19.RELEASE.jar;C:\Users\LEELYNNCHOONG\.m2\repository\org\springframework\spring-jcl\5.2.19.RELEASE\spring-jcl-5.2.19.RELEASE.jar;C:\Users\LEELYNNCHOONG\.m2\repository\joda-time\joda-time\2.1\joda-time-2.1.jar;C:\Users\LEELYNNCHOONG\.m2\repository\org\camunda\connect\camunda-connect-core\1.5.2\camunda-connect-core-1.5.2.jar;C:\Users\LEELYNNCHOONG\.m2\repository\org\camunda\connect\camunda-connect-connectors-all\1.5.2\camunda-connect-connectors-all-1.5.2.jar;C:\Users\LEELYNNCHOONG\.m2\repository\org\apache\httpcomponents\httpmime\4.5.12\httpmime-4.5.12.jar;C:\Users\LEELYNNCHOONG\.m2\repository\org\apache\httpcomponents\httpclient\4.5.12\httpclient-4.5.12.jar;C:\Users\LEELYNNCHOONG\.m2\repository\org\apache\httpcomponents\httpcore\4.4.13\httpcore-4.4.13.jar;C:\Users\LEELYNNCHOONG\.m2\repository\commons-logging\commons-logging\1.2\commons-logging-1.2.jar;C:\Users\LEELYNNCHOONG\.m2\repository\commons-codec\commons-codec\1.11\commons-codec-1.11.jar;C:\Users\LEELYNNCHOONG\.m2\repository\javax\servlet\javax.servlet-api\3.0.1\javax.servlet-api-3.0.1.jar;C:\Users\LEELYNNCHOONG\.m2\repository\org\apache\logging\log4j\log4j-api\2.13.3\log4j-api-2.13.3.jar;C:\Users\LEELYNNCHOONG\.m2\repository\org\apache\logging\log4j\log4j-core\2.13.3\log4j-core-2.13.3.jar;C:\Users\LEELYNNCHOONG\.m2\repository\org\apache\logging\log4j\log4j-slf4j-impl\2.13.3\log4j-slf4j-impl-2.13.3.jar;C:\Users\LEELYNNCHOONG\.m2\repository\org\slf4j\slf4j-api\1.7.25\slf4j-api-1.7.25.jar;"/>
    <property name="java.vm.vendor" value="Eclipse Adoptium"/>
    <property name="sun.arch.data.model" value="64"/>
    <property name="user.variant" value=""/>
    <property name="java.vendor.url" value="https://adoptium.net/"/>
    <property name="user.timezone" value="Asia/Singapore"/>
    <property name="os.name" value="Windows 10"/>
    <property name="java.vm.specification.version" value="17"/>
    <property name="sun.java.launcher" value="SUN_STANDARD"/>
    <property name="user.country" value="GB"/>
    <property name="sun.boot.library.path" value="C:\Program Files\Eclipse Adoptium\jdk-17.0.3.7-hotspot\bin"/>
    <property name="sun.java.command" value="C:\Users\LEELYN~1\AppData\Local\Temp\surefire1809329857641560900\surefirebooter13628319143349370793.jar C:\Users\LEELYNNCHOONG\AppData\Local\Temp\surefire1809329857641560900 2022-07-18T16-00-43_306-jvmRun1 surefire10055526355871667740tmp surefire_07637816131426711455tmp"/>
    <property name="jdk.debug" value="release"/>
    <property name="surefire.test.class.path" value="C:\Users\LEELYNNCHOONG\Documents\Github2\UP-BE-API-JAVA\target\test-classes;C:\Users\LEELYNNCHOONG\Documents\Github2\UP-BE-API-JAVA\target\classes;C:\Users\LEELYNNCHOONG\.m2\repository\junit\junit\4.11\junit-4.11.jar;C:\Users\LEELYNNCHOONG\.m2\repository\org\hamcrest\hamcrest-core\1.3\hamcrest-core-1.3.jar;C:\Users\LEELYNNCHOONG\.m2\repository\org\camunda\bpm\camunda-engine\7.17.0\camunda-engine-7.17.0.jar;C:\Users\LEELYNNCHOONG\.m2\repository\org\camunda\bpm\model\camunda-bpmn-model\7.17.0\camunda-bpmn-model-7.17.0.jar;C:\Users\LEELYNNCHOONG\.m2\repository\org\camunda\bpm\model\camunda-xml-model\7.17.0\camunda-xml-model-7.17.0.jar;C:\Users\LEELYNNCHOONG\.m2\repository\org\camunda\bpm\model\camunda-cmmn-model\7.17.0\camunda-cmmn-model-7.17.0.jar;C:\Users\LEELYNNCHOONG\.m2\repository\org\camunda\bpm\dmn\camunda-engine-dmn\7.17.0\camunda-engine-dmn-7.17.0.jar;C:\Users\LEELYNNCHOONG\.m2\repository\org\camunda\commons\camunda-commons-utils\1.10.0\camunda-commons-utils-1.10.0.jar;C:\Users\LEELYNNCHOONG\.m2\repository\org\camunda\bpm\model\camunda-dmn-model\7.17.0\camunda-dmn-model-7.17.0.jar;C:\Users\LEELYNNCHOONG\.m2\repository\org\camunda\bpm\dmn\camunda-engine-feel-api\7.17.0\camunda-engine-feel-api-7.17.0.jar;C:\Users\LEELYNNCHOONG\.m2\repository\org\camunda\bpm\dmn\camunda-engine-feel-juel\7.17.0\camunda-engine-feel-juel-7.17.0.jar;C:\Users\LEELYNNCHOONG\.m2\repository\org\camunda\bpm\dmn\camunda-engine-feel-scala\7.17.0\camunda-engine-feel-scala-7.17.0.jar;C:\Users\LEELYNNCHOONG\.m2\repository\org\camunda\feel\feel-engine\1.13.3\feel-engine-1.13.3-scala-shaded.jar;C:\Users\LEELYNNCHOONG\.m2\repository\org\camunda\commons\camunda-commons-logging\1.10.0\camunda-commons-logging-1.10.0.jar;C:\Users\LEELYNNCHOONG\.m2\repository\org\camunda\commons\camunda-commons-typed-values\7.17.0\camunda-commons-typed-values-7.17.0.jar;C:\Users\LEELYNNCHOONG\.m2\repository\org\mybatis\mybatis\3.5.6\mybatis-3.5.6.jar;C:\Users\LEELYNNCHOONG\.m2\repository\org\springframework\spring-beans\5.2.19.RELEASE\spring-beans-5.2.19.RELEASE.jar;C:\Users\LEELYNNCHOONG\.m2\repository\org\springframework\spring-core\5.2.19.RELEASE\spring-core-5.2.19.RELEASE.jar;C:\Users\LEELYNNCHOONG\.m2\repository\org\springframework\spring-jcl\5.2.19.RELEASE\spring-jcl-5.2.19.RELEASE.jar;C:\Users\LEELYNNCHOONG\.m2\repository\joda-time\joda-time\2.1\joda-time-2.1.jar;C:\Users\LEELYNNCHOONG\.m2\repository\org\camunda\connect\camunda-connect-core\1.5.2\camunda-connect-core-1.5.2.jar;C:\Users\LEELYNNCHOONG\.m2\repository\org\camunda\connect\camunda-connect-connectors-all\1.5.2\camunda-connect-connectors-all-1.5.2.jar;C:\Users\LEELYNNCHOONG\.m2\repository\org\apache\httpcomponents\httpmime\4.5.12\httpmime-4.5.12.jar;C:\Users\LEELYNNCHOONG\.m2\repository\org\apache\httpcomponents\httpclient\4.5.12\httpclient-4.5.12.jar;C:\Users\LEELYNNCHOONG\.m2\repository\org\apache\httpcomponents\httpcore\4.4.13\httpcore-4.4.13.jar;C:\Users\LEELYNNCHOONG\.m2\repository\commons-logging\commons-logging\1.2\commons-logging-1.2.jar;C:\Users\LEELYNNCHOONG\.m2\repository\commons-codec\commons-codec\1.11\commons-codec-1.11.jar;C:\Users\LEELYNNCHOONG\.m2\repository\javax\servlet\javax.servlet-api\3.0.1\javax.servlet-api-3.0.1.jar;C:\Users\LEELYNNCHOONG\.m2\repository\org\apache\logging\log4j\log4j-api\2.13.3\log4j-api-2.13.3.jar;C:\Users\LEELYNNCHOONG\.m2\repository\org\apache\logging\log4j\log4j-core\2.13.3\log4j-core-2.13.3.jar;C:\Users\LEELYNNCHOONG\.m2\repository\org\apache\logging\log4j\log4j-slf4j-impl\2.13.3\log4j-slf4j-impl-2.13.3.jar;C:\Users\LEELYNNCHOONG\.m2\repository\org\slf4j\slf4j-api\1.7.25\slf4j-api-1.7.25.jar;"/>
    <property name="sun.cpu.endian" value="little"/>
    <property name="user.home" value="C:\Users\LEELYNNCHOONG"/>
    <property name="user.language" value="en"/>
    <property name="java.specification.vendor" value="Oracle Corporation"/>
    <property name="java.version.date" value="2022-04-19"/>
    <property name="java.home" value="C:\Program Files\Eclipse Adoptium\jdk-17.0.3.7-hotspot"/>
    <property name="file.separator" value="\"/>
    <property name="basedir" value="C:\Users\LEELYNNCHOONG\Documents\Github2\UP-BE-API-JAVA"/>
    <property name="java.vm.compressedOopsMode" value="Zero based"/>
    <property name="line.separator" value="&#10;"/>
    <property name="java.vm.specification.vendor" value="Oracle Corporation"/>
    <property name="java.specification.name" value="Java Platform API Specification"/>
    <property name="surefire.real.class.path" value="C:\Users\LEELYN~1\AppData\Local\Temp\surefire1809329857641560900\surefirebooter13628319143349370793.jar"/>
    <property name="user.script" value=""/>
    <property name="sun.management.compiler" value="HotSpot 64-Bit Tiered Compilers"/>
    <property name="java.runtime.version" value="17.0.3+7"/>
    <property name="user.name" value="ZZ0150778"/>
    <property name="path.separator" value=";"/>
    <property name="os.version" value="10.0"/>
    <property name="java.runtime.name" value="OpenJDK Runtime Environment"/>
    <property name="file.encoding" value="Cp1252"/>
    <property name="java.vm.name" value="OpenJDK 64-Bit Server VM"/>
    <property name="java.vendor.version" value="Temurin-17.0.3+7"/>
    <property name="localRepository" value="C:\Users\LEELYNNCHOONG\.m2\repository"/>
    <property name="java.vendor.url.bug" value="https://github.com/adoptium/adoptium-support/issues"/>
    <property name="java.io.tmpdir" value="C:\Users\LEELYN~1\AppData\Local\Temp\"/>
    <property name="java.version" value="17.0.3"/>
    <property name="user.dir" value="C:\Users\LEELYNNCHOONG\Documents\Github2\UP-BE-API-JAVA"/>
    <property name="os.arch" value="amd64"/>
    <property name="java.vm.specification.name" value="Java Virtual Machine Specification"/>
    <property name="sun.os.patch.level" value=""/>
    <property name="native.encoding" value="Cp1252"/>
    <property name="java.library.path" value="C:\Program Files\Eclipse Adoptium\jdk-17.0.3.7-hotspot\bin;C:\WINDOWS\Sun\Java\bin;C:\WINDOWS\system32;C:\WINDOWS;C:\Program Files\Eclipse Adoptium\jdk-17.0.3.7-hotspot\bin;C:\Program Files (x86)\Microsoft SDKs\Azure\CLI2\wbin;C:\Program Files (x86)\Common Files\Oracle\Java\javapath;C:\Program Files\apache-maven-3.6.3\bin;C:\Program Files (x86)\Microsoft SQL Server\150\DTS\Binn\;C:\WINDOWS\system32;C:\WINDOWS;C:\WINDOWS\System32\Wbem;C:\WINDOWS\System32\WindowsPowerShell\v1.0\;C:\WINDOWS\System32\OpenSSH\;C:\Program Files\dotnet\;C:\Program Files\Git\cmd;C:\openshift;C:\Program Files (x86)\Intel\Intel(R) Management Engine Components\DAL;C:\Program Files\Intel\Intel(R) Management Engine Components\DAL;C:\Program Files\Microsoft SQL Server\150\Tools\Binn\;C:\Program Files (x86)\dotnet\;C:\Program Files\Docker\Docker\resources\bin;C:\ProgramData\DockerDesktop\version-bin;C:\Users\LEELYNNCHOONG\.jbang\bin;C:\Users\LEELYNNCHOONG\AppData\Local\Programs\Python\Python37-32\Scripts\;C:\Users\LEELYNNCHOONG\AppData\Local\Programs\Python\Python37-32\;C:\Users\LEELYNNCHOONG\.windows-build-tools\python27\;C:\Users\LEELYNNCHOONG\AppData\Roaming\npm\node_modules\npm\node_modules\npm-lifecycle\node-gyp-bin;C:\Users\LEELYNNCHOONG\AppData\Roaming\npm\node_modules\windows-build-tools\node_modules\.bin;C:\Users\LEELYNNCHOONG\AppData\Roaming\npm\node_modules\.bin;C:\Program Files (x86)\Common Files\Oracle\Java\javapath;C:\ProgramData\Oracle\Java\javapath;C:\windows\system32;C:\windows;C:\windows\System32\Wbem;C:\windows\System32\WindowsPowerShell\v1.0\;C:\windows\System32\OpenSSH\;C:\Program Files (x86)\Webex\Webex\Applications;C:\Program Files\dotnet\;C:\Program Files\Microsoft SQL Server\130\Tools\Binn\;C:\Program Files\Microsoft SQL Server\Client SDK\ODBC\170\Tools\Binn\;C:\Program Files (x86)\Microsoft SQL Server\150\DTS\Binn\;C:\Program Files\nodejs\;C:\Program Files\Git\cmd;C:\Program Files\PuTTY\;C:\Program Files (x86)\Intel\Intel(R) Management Engine Components\DAL;C:\Program Files\Intel\Intel(R) Management Engine Components\DAL;C:\Users\LEELYNNCHOONG\AppData\Local\Microsoft\WindowsApps;C:\Users\LEELYNNCHOONG\AppData\Local\GitHubDesktop\bin;C:\Users\LEELYNNCHOONG\AppData\Roaming\npm;C:\Users\LEELYNNCHOONG\AppData\Local\Android\sdk\platform-tools;C:\Users\LEELYNNCHOONG\AppData\Local\Programs\Microsoft VS Code\bin;C:\Program Files\Intel\WiFi\bin\;C:\Program Files\Common Files\Intel\WirelessCommon\;C:\Users\LEELYNNCHOONG\AppData\Local\Microsoft\WindowsApps;C:\Users\LEELYNNCHOONG\.dotnet\tools;C:\Users\LEELYNNCHOONG\.dotnet\tools;."/>
    <property name="java.vm.info" value="mixed mode, sharing"/>
    <property name="java.vendor" value="Eclipse Adoptium"/>
    <property name="java.vm.version" value="17.0.3+7"/>
    <property name="sun.io.unicode.encoding" value="UnicodeLittle"/>
    <property name="java.class.version" value="61.0"/>
  </properties>
  <testcase name="shouldAnswerWithTrue" classname="com.camunda.AppTest" time="0.004"/>
</testsuite>